<?xml version="1.0" encoding="UTF-8"?>
<!-- Generated by org.testng.reporters.JUnitXMLReporter -->
<testsuite ignored="1" hostname="DESKTOP-C7H2VE2" failures="0" tests="1" name="Epay Login Page test chrome" time="11.214" errors="0" timestamp="2023-03-10T12:00:01 PKT">
  <testcase classname="com.tests.LoginPageTest" name="loginToWebsite" time="1.274"/>
  <testcase classname="com.tests.LoginPageTest" name="getLoginPageTitle" time="0.0">
    <ignored/>
  </testcase> <!-- getLoginPageTitle -->
</testsuite> <!-- Epay Login Page test chrome -->
