<?xml version="1.0" encoding="UTF-8"?>
<!-- Generated by org.testng.reporters.JUnitXMLReporter -->
<testsuite ignored="0" hostname="DESKTOP-C7H2VE2" failures="2" tests="4" name="Epay Generate Token tax test" time="85.61" errors="0" timestamp="2023-03-10T11:44:45 PKT">
  <testcase classname="com.tests.GenerateTokePsidTest" name="getLoginPageTitle" time="0.012"/>
  <testcase classname="com.tests.GenerateTokePsidTest" name="loginToWebsite" time="1.225"/>
  <testcase classname="com.tests.GenerateTokePsidTest" name="clickOnExciseAndTokenTax" time="30.073">
    <failure type="java.lang.NullPointerException" message="Cannot invoke &amp;quot;org.openqa.selenium.WebElement.click()&amp;quot; because the return value of &amp;quot;com.mypages.HomePage.getElement(org.openqa.selenium.By)&amp;quot; is null">
      <![CDATA[java.lang.NullPointerException: Cannot invoke "org.openqa.selenium.WebElement.click()" because the return value of "com.mypages.HomePage.getElement(org.openqa.selenium.By)" is null
at com.mypages.HomePage.clickOnTokenTax(HomePage.java:32)
at com.tests.GenerateTokePsidTest.clickOnExciseAndTokenTax(GenerateTokePsidTest.java:34)
at java.base/java.util.ArrayList.forEach(ArrayList.java:1511)
... Removed 27 stack frames]]>
    </failure>
  </testcase> <!-- clickOnExciseAndTokenTax -->
  <testcase classname="com.tests.GenerateTokePsidTest" name="generatePSID" time="15.396">
    <failure type="java.lang.NullPointerException" message="Cannot invoke &amp;quot;org.openqa.selenium.WebElement.sendKeys(java.lang.CharSequence[])&amp;quot; because the return value of &amp;quot;com.mypages.GenerateTokenTaxPSID.getCarNumber()&amp;quot; is null">
      <![CDATA[java.lang.NullPointerException: Cannot invoke "org.openqa.selenium.WebElement.sendKeys(java.lang.CharSequence[])" because the return value of "com.mypages.GenerateTokenTaxPSID.getCarNumber()" is null
at com.mypages.GenerateTokenTaxPSID.generatePSID(GenerateTokenTaxPSID.java:82)
at com.tests.GenerateTokePsidTest.generatePSID(GenerateTokePsidTest.java:46)
at java.base/java.util.ArrayList.forEach(ArrayList.java:1511)
... Removed 27 stack frames]]>
    </failure>
  </testcase> <!-- generatePSID -->
</testsuite> <!-- Epay Generate Token tax test -->
