<?xml version="1.0" encoding="UTF-8"?>
<!-- Generated by org.testng.reporters.JUnitXMLReporter -->
<testsuite ignored="1" hostname="DESKTOP-C7H2VE2" failures="0" tests="1" name="Epay Login Page test chrome" time="20.866" errors="0" timestamp="2023-02-09T09:34:25 PKT">
  <testcase classname="com.tests.LoginPageTest" name="lofinToWebsite" time="3.689"/>
  <testcase classname="com.tests.LoginPageTest" name="getLoginPageTitle" time="0.0">
    <ignored/>
  </testcase> <!-- getLoginPageTitle -->
</testsuite> <!-- Epay Login Page test chrome -->
