<?xml version="1.0" encoding="UTF-8"?>
<testng-results total="1" passed="1" failed="0" skipped="0">
  <reporter-output>
  </reporter-output>
  <suite started-at="2023-01-02T06:06:04Z" name="Epay test regression Suite" finished-at="2023-01-02T06:06:27Z" duration-ms="22555">
    <groups>
      <group name="checkintest">
        <method signature="LoginPageTest.lofinToWebsite(java.lang.String, java.lang.String, java.lang.String)[pri:2, instance:com.tests.LoginPageTest@795509d9]" name="lofinToWebsite" class="com.tests.LoginPageTest"/>
      </group> <!-- checkintest -->
      <group name="functest">
        <method signature="LoginPageTest.lofinToWebsite(java.lang.String, java.lang.String, java.lang.String)[pri:2, instance:com.tests.LoginPageTest@795509d9]" name="lofinToWebsite" class="com.tests.LoginPageTest"/>
      </group> <!-- functest -->
    </groups>
    <test started-at="2023-01-02T06:06:04Z" name="Epay Login Page test chrome" finished-at="2023-01-02T06:06:27Z" duration-ms="22555">
      <class name="com.tests.LoginPageTest">
        <test-method is-config="true" signature="setup(java.lang.String)[pri:0, instance:com.tests.LoginPageTest@795509d9]" started-at="2023-01-02T11:06:04Z" name="setup" finished-at="2023-01-02T11:06:23Z" duration-ms="19493" status="PASS">
          <params>
            <param index="0">
              <value>
                <![CDATA[chrome]]>
              </value>
            </param>
          </params>
          <reporter-output>
          </reporter-output>
        </test-method> <!-- setup -->
        <test-method signature="lofinToWebsite(java.lang.String, java.lang.String, java.lang.String)[pri:2, instance:com.tests.LoginPageTest@795509d9]" started-at="2023-01-02T11:06:23Z" name="lofinToWebsite" data-provider="credentials" finished-at="2023-01-02T11:06:25Z" duration-ms="1899" status="PASS">
          <params>
            <param index="0">
              <value>
                <![CDATA[03224444010]]>
              </value>
            </param>
            <param index="1">
              <value>
                <![CDATA[4264158!]]>
              </value>
            </param>
            <param index="2">
              <value>
                <![CDATA[9999]]>
              </value>
            </param>
          </params>
          <reporter-output>
          </reporter-output>
        </test-method> <!-- lofinToWebsite -->
        <test-method is-config="true" signature="tearDown()[pri:0, instance:com.tests.LoginPageTest@795509d9]" started-at="2023-01-02T11:06:25Z" name="tearDown" finished-at="2023-01-02T11:06:27Z" duration-ms="1159" status="PASS">
          <reporter-output>
          </reporter-output>
        </test-method> <!-- tearDown -->
      </class> <!-- com.tests.LoginPageTest -->
    </test> <!-- Epay Login Page test chrome -->
  </suite> <!-- Epay test regression Suite -->
</testng-results>
